app/build/intermediates/manifest_merge_blame_file/debug/manifest-merger-blame-debug-report.txt
1<?xml version="1.0" encoding="utf-8"?>
2<manifest xmlns:android="http://schemas.android.com/apk/res/android"
3    package="com.example.appbmi"
4    android:versionCode="1"
5    android:versionName="1.0" >
6
7    <uses-sdk
8        android:minSdkVersion="23"
8-->src\main\AndroidManifest.xml
9        android:targetSdkVersion="31" />
9-->src\main\AndroidManifest.xml
10
11    <application
11-->src\main\AndroidManifest.xml:5:5-42:19
12        android:allowBackup="true"
12-->src\main\AndroidManifest.xml:6:9-35
13        android:appComponentFactory="androidx.core.app.CoreComponentFactory"
13-->[androidx.core:core:1.5.0] AndroidManifest.xml:24:18-86
14        android:debuggable="true"
15        android:extractNativeLibs="false"
16        android:icon="@mipmap/ic_launcher"
16-->src\main\AndroidManifest.xml:7:9-43
17        android:label="@string/app_name"
17-->src\main\AndroidManifest.xml:8:9-41
18        android:roundIcon="@mipmap/ic_launcher_round"
18-->src\main\AndroidManifest.xml:9:9-54
19        android:supportsRtl="true"
19-->src\main\AndroidManifest.xml:10:9-35
20        android:theme="@style/Theme.AppBMI" >
20-->src\main\AndroidManifest.xml:11:9-44
21        <activity
21-->src\main\AndroidManifest.xml:12:9-14:40
22            android:name="com.example.appbmi.completedprofile"
22-->src\main\AndroidManifest.xml:13:13-45
23            android:exported="false" />
23-->src\main\AndroidManifest.xml:14:13-37
24        <activity
24-->src\main\AndroidManifest.xml:15:9-17:40
25            android:name="com.example.appbmi.Sign__Up"
25-->src\main\AndroidManifest.xml:16:13-37
26            android:exported="false" />
26-->src\main\AndroidManifest.xml:17:13-37
27        <activity
27-->src\main\AndroidManifest.xml:18:9-20:40
28            android:name="com.example.appbmi.signup"
28-->src\main\AndroidManifest.xml:19:13-35
29            android:exported="false" />
29-->src\main\AndroidManifest.xml:20:13-37
30        <activity
30-->src\main\AndroidManifest.xml:21:9-23:40
31            android:name="com.example.appbmi.sign_up"
31-->src\main\AndroidManifest.xml:22:13-36
32            android:exported="false" />
32-->src\main\AndroidManifest.xml:23:13-37
33        <activity
33-->src\main\AndroidManifest.xml:24:9-26:40
34            android:name="com.example.appbmi.New_Record"
34-->src\main\AndroidManifest.xml:25:13-39
35            android:exported="false" />
35-->src\main\AndroidManifest.xml:26:13-37
36        <activity
36-->src\main\AndroidManifest.xml:27:9-29:40
37            android:name="com.example.appbmi.complete_profile"
37-->src\main\AndroidManifest.xml:28:13-45
38            android:exported="false" />
38-->src\main\AndroidManifest.xml:29:13-37
39        <activity
39-->src\main\AndroidManifest.xml:30:9-32:40
40            android:name="com.example.appbmi.log_in"
40-->src\main\AndroidManifest.xml:31:13-35
41            android:exported="false" />
41-->src\main\AndroidManifest.xml:32:13-37
42        <activity
42-->src\main\AndroidManifest.xml:33:9-41:20
43            android:name="com.example.appbmi.MainActivity"
43-->src\main\AndroidManifest.xml:34:13-41
44            android:exported="true" >
44-->src\main\AndroidManifest.xml:35:13-36
45            <intent-filter>
45-->src\main\AndroidManifest.xml:36:13-40:29
46                <action android:name="android.intent.action.MAIN" />
46-->src\main\AndroidManifest.xml:37:17-69
46-->src\main\AndroidManifest.xml:37:25-66
47
48                <category android:name="android.intent.category.LAUNCHER" />
48-->src\main\AndroidManifest.xml:39:17-77
48-->src\main\AndroidManifest.xml:39:27-74
49            </intent-filter>
50        </activity>
51    </application>
52
53</manifest>